<?xml version="1.0" encoding="UTF-8"?>
<!-- Generated by org.testng.reporters.JUnitReportReporter -->
<testsuite hostname="yathishgowda-PC" failures="0" tests="4" name="com.simplilearn.Phase_4_Project.Ajio" time="104.074" errors="0" timestamp="2023-02-22T14:13:48 IST" skipped="0">
  <testcase classname="com.simplilearn.Phase_4_Project.Ajio" name="SearchHandbagsForWomen" time="83.392"/>
  <system-out/>
  <testcase classname="com.simplilearn.Phase_4_Project.Ajio" name="ScrollUp" time="13.568"/>
  <system-out/>
  <testcase classname="com.simplilearn.Phase_4_Project.Ajio" name="MoveProductToCart" time="4.025"/>
  <system-out/>
  <testcase classname="com.simplilearn.Phase_4_Project.Ajio" name="ValidationOfProductInCart" time="3.089"/>
  <system-out/>
</testsuite> <!-- com.simplilearn.Phase_4_Project.Ajio -->
